Number is 1
Number is 2
Number is 3
Number is 4
Number is 5
Number is 6
Number is 7
Number is 8
Number is 9
Number is 10
Name is Raju
Name is sham
Name is hari
Name is mohan
Name is sajan
Name is sujita
Name is ranjita
Number is 1
Number is 2
Number is 3
Number is 4
Number is 5
Number is 6
Number is 7
Number is 8
Number is 9
Number is 10
Number is 11
Number is 12
Number is 13
Number is 14
Number is 15
Number is 16
Number is 17
Number is 18
Number is 19
Number is 20
Number is 1
Number is 2
Number is 3
Number is 4
Number is 5
Number is 6
Number is 7
Number is 8
Number is 9
Number is 10
Name is Raju
Name is sham
Name is hari
Name is mohan
Name is sajan
Name is sujita
Name is ranjita
Number is 1
Number is 2
Number is 3
Number is 4
Number is 5
Number is 6
Number is 7
Number is 8
Number is 9
Number is 10
Number is 11
Number is 12
Number is 13
Number is 14
Number is 15
Number is 16
Number is 17
Number is 18
Number is 19
Number is 20
